2026-01-31 10:48:56 - INFO - Starting data processing step
2026-01-31 10:48:56 - INFO - Data processing pipeline created successfully.
2026-01-31 10:48:56 - INFO - Pipeline saved at C:\Users\AIML\Desktop\lol\artifacts\data_processing_pipeline.pkl
2026-01-31 10:48:56 - INFO - Label encoder saved at C:\Users\AIML\Desktop\lol\artifacts\label_encoder.pkl
2026-01-31 10:48:56 - INFO - Data processing completed successfully
2026-01-31 10:53:55 - INFO - \U0001f680 Starting Data Processing Step
2026-01-31 10:54:13 - INFO - \U0001f680 Starting Data Processing Step
2026-01-31 10:54:13 - INFO - \u2705 Loaded dataset: 500 rows, 9 columns
2026-01-31 10:54:13 - INFO - Label encoder saved at C:\Users\AIML\Desktop\lol\artifacts\label_encoder.pkl
2026-01-31 10:54:13 - INFO - \u2705 Target variable encoded and saved at C:\Users\AIML\Desktop\lol\artifacts\label_encoder.pkl
2026-01-31 10:54:13 - INFO - Data processing pipeline created successfully.
2026-01-31 10:54:13 - INFO - Pipeline saved at C:\Users\AIML\Desktop\lol\artifacts\data_processing_pipeline.pkl
2026-01-31 10:54:13 - INFO - \u2705 Data pipeline created and saved at C:\Users\AIML\Desktop\lol\artifacts\data_processing_pipeline.pkl
2026-01-31 10:54:13 - INFO - \u2705 Data split completed
2026-01-31 10:54:13 - INFO - Model trained and saved at C:\Users\AIML\Desktop\lol\artifacts\best_classifier.pkl
2026-01-31 10:54:13 - INFO - \u2705 Model trained and saved at C:\Users\AIML\Desktop\lol\artifacts\best_classifier.pkl
2026-01-31 10:54:13 - INFO - Model loaded successfully.
2026-01-31 10:54:13 - INFO - \u2705 Predictions completed
2026-01-31 10:54:13 - INFO - Model loaded successfully.
2026-01-31 10:54:13 - INFO - Model evaluation completed.
2026-01-31 10:54:13 - INFO - Confusion Matrix:
[[14  0  0]
 [ 0 12  0]
 [ 0  0 74]]
2026-01-31 10:54:13 - INFO - Accuracy Score: 1.0
2026-01-31 10:54:13 - INFO - Classification Report:
              precision    recall  f1-score   support

   High Risk       1.00      1.00      1.00        14
    Low Risk       1.00      1.00      1.00        12
 Medium Risk       1.00      1.00      1.00        74

    accuracy                           1.00       100
   macro avg       1.00      1.00      1.00       100
weighted avg       1.00      1.00      1.00       100

2026-01-31 10:54:13 - INFO - \u2705 Model evaluation completed
2026-01-31 10:54:13 - INFO - Confusion Matrix:
[[14  0  0]
 [ 0 12  0]
 [ 0  0 74]]
2026-01-31 10:54:13 - INFO - Accuracy Score: 1.0
2026-01-31 10:54:13 - INFO - Classification Report:
              precision    recall  f1-score   support

   High Risk       1.00      1.00      1.00        14
    Low Risk       1.00      1.00      1.00        12
 Medium Risk       1.00      1.00      1.00        74

    accuracy                           1.00       100
   macro avg       1.00      1.00      1.00       100
weighted avg       1.00      1.00      1.00       100

2026-01-31 10:54:44 - INFO - Predicted Risk Category: High Risk
